<?xml version="1.0" encoding="UTF-8"?>
<testsuite name="SearchFirstEmptyPositionTest" tests="4" skipped="0" failures="0" errors="0" timestamp="2020-10-14T11:09:37" hostname="maximka-Aspire-ES1-531" time="0.079">
  <properties/>
  <testcase name="testWhereLastPositionIsEmpty()" classname="SearchFirstEmptyPositionTest" time="0.067"/>
  <testcase name="testWhereFirstPositionIsEmpty()" classname="SearchFirstEmptyPositionTest" time="0.002"/>
  <testcase name="testWithoutEmptyPositions()" classname="SearchFirstEmptyPositionTest" time="0.001"/>
  <testcase name="testWhereSecondPositionIsEmpty()" classname="SearchFirstEmptyPositionTest" time="0.002"/>
  <system-out><![CDATA[]]></system-out>
  <system-err><![CDATA[]]></system-err>
</testsuite>
