<?xml version="1.0" encoding="UTF-8"?>
<testsuite name="NumeralTest" tests="5" skipped="0" failures="0" errors="0" timestamp="2020-10-14T11:09:38" hostname="maximka-Aspire-ES1-531" time="0.068">
  <properties/>
  <testcase name="testFor1()" classname="NumeralTest" time="0.005"/>
  <testcase name="testFor2()" classname="NumeralTest" time="0.005"/>
  <testcase name="testFor3()" classname="NumeralTest" time="0.001"/>
  <testcase name="testFor4()" classname="NumeralTest" time="0.003"/>
  <testcase name="testFor239()" classname="NumeralTest" time="0.002"/>
  <system-out><![CDATA[]]></system-out>
  <system-err><![CDATA[]]></system-err>
</testsuite>
